<?xml version="1.0" encoding="UTF-8"?>
<!-- Generated by org.testng.reporters.JUnitReportReporter -->
<testsuite hostname="koenig" name="testngsuit.NewTest2" tests="1" failures="0" timestamp="16 Feb 2016 05:58:25 GMT" time="0.015" errors="0">
  <testcase name="f" time="0.015" classname="testngsuit.NewTest2"/>
</testsuite> <!-- testngsuit.NewTest2 -->
