<?xml version="1.0" encoding="UTF-8"?>
<!-- Generated by org.testng.reporters.JUnitReportReporter -->
<testsuite hostname="yogesh" name="testngsuit.NewTest" tests="1" failures="0" timestamp="20 Jan 2017 11:40:55 GMT" time="0.001" errors="0">
  <testcase name="f" time="0.001" classname="testngsuit.NewTest"/>
</testsuite> <!-- testngsuit.NewTest -->
