<?xml version="1.0" encoding="UTF-8"?>
<!-- Generated by org.testng.reporters.JUnitReportReporter -->
<testsuite hostname="WIN-R1KUFKDM66H" name="package2.NewTest" tests="1" failures="0" timestamp="27 Jan 2017 11:05:27 GMT" time="6.089" errors="0">
  <testcase name="f" time="6.089" classname="package2.NewTest"/>
</testsuite> <!-- package2.NewTest -->
